<?xml version="1.0" encoding="UTF-8"?>
<testsuite xmlns:xsi="http://www.w3.org/2001/XMLSchema-instance" xsi:noNamespaceSchemaLocation="https://maven.apache.org/surefire/maven-surefire-plugin/xsd/surefire-test-report.xsd" name="com.car.rental.car.integration.CarIntegrationTest" time="0.186" tests="5" errors="0" skipped="0" failures="0">
  <properties>
[...]
</properties>
  <testcase name="createCarShouldAutoGenerateCarId" classname="com.car.rental.car.integration.CarIntegrationTest" time="0.085"/>
  <testcase name="searchCarByIdWhereCarWithGivenIdExistShouldReturnCarDto" classname="com.car.rental.car.integration.CarIntegrationTest" time="0.036"/>
  <testcase name="searchCarByIdWhereCarWithGivenIdNotExistShouldReturnNull" classname="com.car.rental.car.integration.CarIntegrationTest" time="0.009"/>
  <testcase name="createCarWithCarAddDtoShouldReturnCarWithTheSameParameters" classname="com.car.rental.car.integration.CarIntegrationTest" time="0.029"/>
  <testcase name="createMethodShouldReturnInstanceOfCar" classname="com.car.rental.car.integration.CarIntegrationTest" time="0.011"/>
</testsuite>